<?xml version="1.0" encoding="UTF-8"?>
<!-- Generated by org.testng.reporters.JUnitReportReporter -->
<testsuite hostname="Madhurs-MacBook-Air.local" failures="0" tests="5" name="tests.TC01_AllEmpoyeesGetTest" time="7.507" errors="0" timestamp="18 Aug 2019 16:51:54 GMT" skipped="0">
  <testcase classname="tests.TC01_AllEmpoyeesGetTest" name="statusCodeTest" time="1.863"/>
  <testcase classname="tests.TC01_AllEmpoyeesGetTest" name="responseTest" time="2.101"/>
  <testcase classname="tests.TC01_AllEmpoyeesGetTest" name="statusLineTest" time="1.182"/>
  <testcase classname="tests.TC01_AllEmpoyeesGetTest" name="contentTypeTest" time="1.525"/>
  <testcase classname="tests.TC01_AllEmpoyeesGetTest" name="headersTest" time="0.836"/>
</testsuite> <!-- tests.TC01_AllEmpoyeesGetTest -->
