<?xml version="1.0" encoding="UTF-8"?>
<!-- Generated by org.testng.reporters.JUnitReportReporter -->
<testsuite hostname="Madhurs-MacBook-Air.local" failures="0" tests="1" name="com.tests.TC03_CreateEmpoyeesTest" time="5.215" errors="0" timestamp="18 Aug 2019 17:25:36 GMT" skipped="0">
  <testcase classname="com.tests.TC03_CreateEmpoyeesTest" name="responseTest" time="5.215"/>
</testsuite> <!-- com.tests.TC03_CreateEmpoyeesTest -->
