<?xml version="1.0" encoding="UTF-8"?>
<!-- Generated by org.testng.reporters.JUnitReportReporter -->
<testsuite hostname="Madhurs-MacBook-Air.local" failures="0" tests="1" name="com.tests.TC05_DeleteEmpoyeeTest" time="3.204" errors="0" timestamp="18 Aug 2019 17:36:16 GMT" skipped="0">
  <testcase classname="com.tests.TC05_DeleteEmpoyeeTest" name="responseTest" time="3.204"/>
</testsuite> <!-- com.tests.TC05_DeleteEmpoyeeTest -->
