<?xml version="1.0" encoding="UTF-8"?>
<!-- Generated by org.testng.reporters.JUnitReportReporter -->
<testsuite hostname="Madhurs-MacBook-Air.local" failures="0" tests="1" name="com.tests.TC03_CreateEmpoyeeTest" time="3.503" errors="0" timestamp="18 Aug 2019 17:29:23 GMT" skipped="0">
  <testcase classname="com.tests.TC03_CreateEmpoyeeTest" name="responseTest" time="3.503"/>
</testsuite> <!-- com.tests.TC03_CreateEmpoyeeTest -->
