<?xml version="1.0" encoding="UTF-8"?>
<!-- Generated by org.testng.reporters.JUnitReportReporter -->
<testsuite hostname="Madhurs-MacBook-Air.local" failures="0" tests="5" name="tests.TC02_SingleEmployeeGetTest" time="8.007" errors="0" timestamp="18 Aug 2019 16:59:33 GMT" skipped="0">
  <testcase classname="tests.TC02_SingleEmployeeGetTest" name="statusCodeTest" time="2.867"/>
  <testcase classname="tests.TC02_SingleEmployeeGetTest" name="responseTest" time="1.061"/>
  <testcase classname="tests.TC02_SingleEmployeeGetTest" name="statusLineTest" time="1.323"/>
  <testcase classname="tests.TC02_SingleEmployeeGetTest" name="contentTypeTest" time="1.878"/>
  <testcase classname="tests.TC02_SingleEmployeeGetTest" name="headersTest" time="0.878"/>
</testsuite> <!-- tests.TC02_SingleEmployeeGetTest -->
