<?xml version="1.0" encoding="UTF-8"?>
<!-- Generated by org.testng.reporters.JUnitReportReporter -->
<testsuite hostname="Madhurs-MacBook-Air.local" failures="0" tests="1" name="com.tests.TC04_UpdateEmpoyeeTest" time="3.249" errors="0" timestamp="18 Aug 2019 17:33:12 GMT" skipped="0">
  <testcase classname="com.tests.TC04_UpdateEmpoyeeTest" name="responseTest" time="3.249"/>
</testsuite> <!-- com.tests.TC04_UpdateEmpoyeeTest -->
