<?xml version="1.0" encoding="UTF-8"?>
<!-- Generated by org.testng.reporters.JUnitReportReporter -->
<testsuite hostname="Madhurs-MacBook-Air.local" failures="0" tests="5" name="tests.AppTest2" time="5.225" errors="0" timestamp="18 Aug 2019 16:17:27 GMT" skipped="0">
  <testcase classname="tests.AppTest2" name="statusCodeTest" time="0.794"/>
  <testcase classname="tests.AppTest2" name="responseTest" time="0.811"/>
  <testcase classname="tests.AppTest2" name="statusLineTest" time="0.814"/>
  <testcase classname="tests.AppTest2" name="contentTypeTest" time="2.039"/>
  <testcase classname="tests.AppTest2" name="headersTest" time="0.767"/>
</testsuite> <!-- tests.AppTest2 -->
