<?xml version="1.0" encoding="UTF-8"?>
<!-- Generated by org.testng.reporters.JUnitReportReporter -->
<testsuite hostname="Madhurs-MacBook-Air.local" failures="0" tests="5" name="tests.AppTest" time="6.705" errors="0" timestamp="18 Aug 2019 16:17:27 GMT" skipped="0">
  <testcase classname="tests.AppTest" name="statusCodeTest" time="2.902"/>
  <testcase classname="tests.AppTest" name="responseTest" time="0.870"/>
  <testcase classname="tests.AppTest" name="statusLineTest" time="0.785"/>
  <testcase classname="tests.AppTest" name="contentTypeTest" time="1.320"/>
  <testcase classname="tests.AppTest" name="headersTest" time="0.828"/>
</testsuite> <!-- tests.AppTest -->
