<?xml version="1.0" encoding="UTF-8"?>
<!-- Generated by org.testng.reporters.JUnitReportReporter -->
<testsuite hostname="DGB-C02VH08BH" failures="0" tests="5" name="com.tests.TC01_AllEmpoyeesGetTest" time="4.594" errors="0" timestamp="24 Oct 2019 18:11:39 GMT" skipped="0">
  <testcase classname="com.tests.TC01_AllEmpoyeesGetTest" name="statusCodeTest" time="1.356"/>
  <testcase classname="com.tests.TC01_AllEmpoyeesGetTest" name="responseTest" time="1.255"/>
  <testcase classname="com.tests.TC01_AllEmpoyeesGetTest" name="statusLineTest" time="0.729"/>
  <testcase classname="com.tests.TC01_AllEmpoyeesGetTest" name="contentTypeTest" time="0.628"/>
  <testcase classname="com.tests.TC01_AllEmpoyeesGetTest" name="headersTest" time="0.626"/>
</testsuite> <!-- com.tests.TC01_AllEmpoyeesGetTest -->
