<?xml version="1.0" encoding="UTF-8"?>
<!-- Generated by org.testng.reporters.JUnitReportReporter -->
<testsuite hostname="DGB-C02VH08BH" failures="0" tests="5" name="com.tests.TC02_SingleEmployeeGetTest" time="3.397" errors="0" timestamp="24 Oct 2019 18:11:39 GMT" skipped="0">
  <testcase classname="com.tests.TC02_SingleEmployeeGetTest" name="statusCodeTest" time="0.661"/>
  <testcase classname="com.tests.TC02_SingleEmployeeGetTest" name="responseTest" time="0.701"/>
  <testcase classname="com.tests.TC02_SingleEmployeeGetTest" name="statusLineTest" time="0.725"/>
  <testcase classname="com.tests.TC02_SingleEmployeeGetTest" name="contentTypeTest" time="0.729"/>
  <testcase classname="com.tests.TC02_SingleEmployeeGetTest" name="headersTest" time="0.581"/>
</testsuite> <!-- com.tests.TC02_SingleEmployeeGetTest -->
