<?xml version="1.0" encoding="UTF-8"?>
<!-- Generated by org.testng.reporters.JUnitReportReporter -->
<testsuite hostname="DGB-C02VH08BH" failures="0" tests="1" name="com.tests.TC04_UpdateEmpoyeeTest" time="0.731" errors="0" timestamp="24 Oct 2019 18:11:39 GMT" skipped="0">
  <testcase classname="com.tests.TC04_UpdateEmpoyeeTest" name="responseTest" time="0.731"/>
</testsuite> <!-- com.tests.TC04_UpdateEmpoyeeTest -->
