<?xml version="1.0" encoding="UTF-8"?>
<!-- Generated by org.testng.reporters.JUnitReportReporter -->
<testsuite hostname="DGB-C02VH08BH" failures="0" tests="1" name="com.tests.TC05_DeleteEmpoyeeTest" time="0.733" errors="0" timestamp="24 Oct 2019 18:11:39 GMT" skipped="0">
  <testcase classname="com.tests.TC05_DeleteEmpoyeeTest" name="responseTest" time="0.733"/>
</testsuite> <!-- com.tests.TC05_DeleteEmpoyeeTest -->
